<?xml version="1.0" encoding="UTF-8"?>
<testng-results skipped="0" failed="0" ignored="0" total="1" passed="1">
  <reporter-output>
  </reporter-output>
  <suite name="Default suite" duration-ms="79" started-at="2020-01-26T11:01:49Z" finished-at="2020-01-26T11:01:49Z">
    <groups>
    </groups>
    <test name="Default test" duration-ms="79" started-at="2020-01-26T11:01:49Z" finished-at="2020-01-26T11:01:49Z">
      <class name="com.basic.BaseTest">
        <test-method status="PASS" signature="init()[pri:0, instance:com.basic.BaseTest@6f7fd0e6]" name="init" duration-ms="22" started-at="2020-01-26T11:01:49Z" finished-at="2020-01-26T11:01:49Z">
          <reporter-output>
          </reporter-output>
        </test-method> <!-- init -->
      </class> <!-- com.basic.BaseTest -->
    </test> <!-- Default test -->
  </suite> <!-- Default suite -->
</testng-results>
